Analysis & Synthesis report for TenthProject
Fri Dec 01 08:42:23 2017
Quartus II 64-Bit Version 13.0.1 Build 232 06/12/2013 Service Pack 1 SJ Full Version


---------------------
; Table of Contents ;
---------------------
  1. Legal Notice
  2. Analysis & Synthesis Summary
  3. Analysis & Synthesis Settings
  4. Parallel Compilation
  5. Analysis & Synthesis Source Files Read
  6. Analysis & Synthesis Resource Usage Summary
  7. Analysis & Synthesis Resource Utilization by Entity
  8. State Machine - |TenthProject|chooser:C1|state
  9. State Machine - |TenthProject|scaner:S1|state
 10. Registers Removed During Synthesis
 11. General Register Statistics
 12. Multiplexer Restructuring Statistics (Restructuring Performed)
 13. Parameter Settings for User Entity Instance: frequency_divider:F1
 14. Parameter Settings for User Entity Instance: chooser:C1
 15. Port Connectivity Checks: "frequency_divider:F1"
 16. Elapsed Time Per Partition
 17. Analysis & Synthesis Messages



----------------
; Legal Notice ;
----------------
Copyright (C) 1991-2013 Altera Corporation
Your use of Altera Corporation's design tools, logic functions 
and other software and tools, and its AMPP partner logic 
functions, and any output files from any of the foregoing 
(including device programming or simulation files), and any 
associated documentation or information are expressly subject 
to the terms and conditions of the Altera Program License 
Subscription Agreement, Altera MegaCore Function License 
Agreement, or other applicable license agreement, including, 
without limitation, that your use is for the sole purpose of 
programming logic devices manufactured by Altera and sold by 
Altera or its authorized distributors.  Please refer to the 
applicable agreement for further details.



+---------------------------------------------------------------------------------------+
; Analysis & Synthesis Summary                                                          ;
+------------------------------------+--------------------------------------------------+
; Analysis & Synthesis Status        ; Successful - Fri Dec 01 08:42:23 2017            ;
; Quartus II 64-Bit Version          ; 13.0.1 Build 232 06/12/2013 SP 1 SJ Full Version ;
; Revision Name                      ; TenthProject                                     ;
; Top-level Entity Name              ; TenthProject                                     ;
; Family                             ; Cyclone III                                      ;
; Total logic elements               ; 69                                               ;
;     Total combinational functions  ; 61                                               ;
;     Dedicated logic registers      ; 55                                               ;
; Total registers                    ; 55                                               ;
; Total pins                         ; 20                                               ;
; Total virtual pins                 ; 0                                                ;
; Total memory bits                  ; 0                                                ;
; Embedded Multiplier 9-bit elements ; 0                                                ;
; Total PLLs                         ; 0                                                ;
+------------------------------------+--------------------------------------------------+


+----------------------------------------------------------------------------------------------------------------------+
; Analysis & Synthesis Settings                                                                                        ;
+----------------------------------------------------------------------------+--------------------+--------------------+
; Option                                                                     ; Setting            ; Default Value      ;
+----------------------------------------------------------------------------+--------------------+--------------------+
; Device                                                                     ; EP3C55F484C8       ;                    ;
; Top-level entity name                                                      ; TenthProject       ; TenthProject       ;
; Family name                                                                ; Cyclone III        ; Cyclone IV GX      ;
; Use smart compilation                                                      ; Off                ; Off                ;
; Enable parallel Assembler and TimeQuest Timing Analyzer during compilation ; On                 ; On                 ;
; Enable compact report table                                                ; Off                ; Off                ;
; Restructure Multiplexers                                                   ; Auto               ; Auto               ;
; Create Debugging Nodes for IP Cores                                        ; Off                ; Off                ;
; Preserve fewer node names                                                  ; On                 ; On                 ;
; Disable OpenCore Plus hardware evaluation                                  ; Off                ; Off                ;
; Verilog Version                                                            ; Verilog_2001       ; Verilog_2001       ;
; VHDL Version                                                               ; VHDL_1993          ; VHDL_1993          ;
; State Machine Processing                                                   ; Auto               ; Auto               ;
; Safe State Machine                                                         ; Off                ; Off                ;
; Extract Verilog State Machines                                             ; On                 ; On                 ;
; Extract VHDL State Machines                                                ; On                 ; On                 ;
; Ignore Verilog initial constructs                                          ; Off                ; Off                ;
; Iteration limit for constant Verilog loops                                 ; 5000               ; 5000               ;
; Iteration limit for non-constant Verilog loops                             ; 250                ; 250                ;
; Add Pass-Through Logic to Inferred RAMs                                    ; On                 ; On                 ;
; Infer RAMs from Raw Logic                                                  ; On                 ; On                 ;
; Parallel Synthesis                                                         ; On                 ; On                 ;
; DSP Block Balancing                                                        ; Auto               ; Auto               ;
; NOT Gate Push-Back                                                         ; On                 ; On                 ;
; Power-Up Don't Care                                                        ; On                 ; On                 ;
; Remove Redundant Logic Cells                                               ; Off                ; Off                ;
; Remove Duplicate Registers                                                 ; On                 ; On                 ;
; Ignore CARRY Buffers                                                       ; Off                ; Off                ;
; Ignore CASCADE Buffers                                                     ; Off                ; Off                ;
; Ignore GLOBAL Buffers                                                      ; Off                ; Off                ;
; Ignore ROW GLOBAL Buffers                                                  ; Off                ; Off                ;
; Ignore LCELL Buffers                                                       ; Off                ; Off                ;
; Ignore SOFT Buffers                                                        ; On                 ; On                 ;
; Limit AHDL Integers to 32 Bits                                             ; Off                ; Off                ;
; Optimization Technique                                                     ; Balanced           ; Balanced           ;
; Carry Chain Length                                                         ; 70                 ; 70                 ;
; Auto Carry Chains                                                          ; On                 ; On                 ;
; Auto Open-Drain Pins                                                       ; On                 ; On                 ;
; Perform WYSIWYG Primitive Resynthesis                                      ; Off                ; Off                ;
; Auto ROM Replacement                                                       ; On                 ; On                 ;
; Auto RAM Replacement                                                       ; On                 ; On                 ;
; Auto DSP Block Replacement                                                 ; On                 ; On                 ;
; Auto Shift Register Replacement                                            ; Auto               ; Auto               ;
; Allow Shift Register Merging across Hierarchies                            ; Auto               ; Auto               ;
; Auto Clock Enable Replacement                                              ; On                 ; On                 ;
; Strict RAM Replacement                                                     ; Off                ; Off                ;
; Allow Synchronous Control Signals                                          ; On                 ; On                 ;
; Force Use of Synchronous Clear Signals                                     ; Off                ; Off                ;
; Auto RAM Block Balancing                                                   ; On                 ; On                 ;
; Auto RAM to Logic Cell Conversion                                          ; Off                ; Off                ;
; Auto Resource Sharing                                                      ; Off                ; Off                ;
; Allow Any RAM Size For Recognition                                         ; Off                ; Off                ;
; Allow Any ROM Size For Recognition                                         ; Off                ; Off                ;
; Allow Any Shift Register Size For Recognition                              ; Off                ; Off                ;
; Use LogicLock Constraints during Resource Balancing                        ; On                 ; On                 ;
; Ignore translate_off and synthesis_off directives                          ; Off                ; Off                ;
; Timing-Driven Synthesis                                                    ; On                 ; On                 ;
; Report Parameter Settings                                                  ; On                 ; On                 ;
; Report Source Assignments                                                  ; On                 ; On                 ;
; Report Connectivity Checks                                                 ; On                 ; On                 ;
; Ignore Maximum Fan-Out Assignments                                         ; Off                ; Off                ;
; Synchronization Register Chain Length                                      ; 2                  ; 2                  ;
; PowerPlay Power Optimization                                               ; Normal compilation ; Normal compilation ;
; HDL message level                                                          ; Level2             ; Level2             ;
; Suppress Register Optimization Related Messages                            ; Off                ; Off                ;
; Number of Removed Registers Reported in Synthesis Report                   ; 5000               ; 5000               ;
; Number of Swept Nodes Reported in Synthesis Report                         ; 5000               ; 5000               ;
; Number of Inverted Registers Reported in Synthesis Report                  ; 100                ; 100                ;
; Clock MUX Protection                                                       ; On                 ; On                 ;
; Auto Gated Clock Conversion                                                ; Off                ; Off                ;
; Block Design Naming                                                        ; Auto               ; Auto               ;
; SDC constraint protection                                                  ; Off                ; Off                ;
; Synthesis Effort                                                           ; Auto               ; Auto               ;
; Shift Register Replacement - Allow Asynchronous Clear Signal               ; On                 ; On                 ;
; Pre-Mapping Resynthesis Optimization                                       ; Off                ; Off                ;
; Analysis & Synthesis Message Level                                         ; Medium             ; Medium             ;
; Disable Register Merging Across Hierarchies                                ; Auto               ; Auto               ;
; Resource Aware Inference For Block RAM                                     ; On                 ; On                 ;
; Synthesis Seed                                                             ; 1                  ; 1                  ;
+----------------------------------------------------------------------------+--------------------+--------------------+


+------------------------------------------+
; Parallel Compilation                     ;
+----------------------------+-------------+
; Processors                 ; Number      ;
+----------------------------+-------------+
; Number detected on machine ; 8           ;
; Maximum allowed            ; 4           ;
;                            ;             ;
; Average used               ; 1.00        ;
; Maximum used               ; 1           ;
;                            ;             ;
; Usage by Processor         ; % Time Used ;
;     Processor 1            ; 100.0%      ;
;     Processors 2-8         ;   0.0%      ;
+----------------------------+-------------+


+-------------------------------------------------------------------------------------------------------------------------------------------+
; Analysis & Synthesis Source Files Read                                                                                                    ;
+----------------------------------+-----------------+------------------------+---------------------------------------------------+---------+
; File Name with User-Entered Path ; Used in Netlist ; File Type              ; File Name with Absolute Path                      ; Library ;
+----------------------------------+-----------------+------------------------+---------------------------------------------------+---------+
; frequency_divider.v              ; yes             ; User Verilog HDL File  ; E:/testofquartus/TenthProject/frequency_divider.v ;         ;
; scaner.v                         ; yes             ; User Verilog HDL File  ; E:/testofquartus/TenthProject/scaner.v            ;         ;
; chooser.v                        ; yes             ; User Verilog HDL File  ; E:/testofquartus/TenthProject/chooser.v           ;         ;
; TenthProject.v                   ; yes             ; User Verilog HDL File  ; E:/testofquartus/TenthProject/TenthProject.v      ;         ;
+----------------------------------+-----------------+------------------------+---------------------------------------------------+---------+


+---------------------------------------------------------+
; Analysis & Synthesis Resource Usage Summary             ;
+---------------------------------------------+-----------+
; Resource                                    ; Usage     ;
+---------------------------------------------+-----------+
; Estimated Total logic elements              ; 69        ;
;                                             ;           ;
; Total combinational functions               ; 61        ;
; Logic element usage by number of LUT inputs ;           ;
;     -- 4 input functions                    ; 13        ;
;     -- 3 input functions                    ; 3         ;
;     -- <=2 input functions                  ; 45        ;
;                                             ;           ;
; Logic elements by mode                      ;           ;
;     -- normal mode                          ; 30        ;
;     -- arithmetic mode                      ; 31        ;
;                                             ;           ;
; Total registers                             ; 55        ;
;     -- Dedicated logic registers            ; 55        ;
;     -- I/O registers                        ; 0         ;
;                                             ;           ;
; I/O pins                                    ; 20        ;
; Embedded Multiplier 9-bit elements          ; 0         ;
; Maximum fan-out node                        ; clk~input ;
; Maximum fan-out                             ; 33        ;
; Total fan-out                               ; 316       ;
; Average fan-out                             ; 2.03      ;
+---------------------------------------------+-----------+


+--------------------------------------------------------------------------------------------------------------------------------------------------------------------------------------------+
; Analysis & Synthesis Resource Utilization by Entity                                                                                                                                        ;
+----------------------------+-------------------+--------------+-------------+--------------+---------+-----------+------+--------------+------------------------------------+--------------+
; Compilation Hierarchy Node ; LC Combinationals ; LC Registers ; Memory Bits ; DSP Elements ; DSP 9x9 ; DSP 18x18 ; Pins ; Virtual Pins ; Full Hierarchy Name                ; Library Name ;
+----------------------------+-------------------+--------------+-------------+--------------+---------+-----------+------+--------------+------------------------------------+--------------+
; |TenthProject              ; 61 (0)            ; 55 (0)       ; 0           ; 0            ; 0       ; 0         ; 20   ; 0            ; |TenthProject                      ; work         ;
;    |chooser:C1|            ; 9 (9)             ; 14 (14)      ; 0           ; 0            ; 0       ; 0         ; 0    ; 0            ; |TenthProject|chooser:C1           ; work         ;
;    |frequency_divider:F1|  ; 45 (45)           ; 33 (33)      ; 0           ; 0            ; 0       ; 0         ; 0    ; 0            ; |TenthProject|frequency_divider:F1 ; work         ;
;    |scaner:S1|             ; 7 (7)             ; 8 (8)        ; 0           ; 0            ; 0       ; 0         ; 0    ; 0            ; |TenthProject|scaner:S1            ; work         ;
+----------------------------+-------------------+--------------+-------------+--------------+---------+-----------+------+--------------+------------------------------------+--------------+
Note: For table entries with two numbers listed, the numbers in parentheses indicate the number of resources of the given type used by the specific entity alone. The numbers listed outside of parentheses indicate the total resources of the given type used by the specific entity and all of its sub-entities in the hierarchy.


Encoding Type:  One-Hot
+-----------------------------------------------------------------------------------------------------------+
; State Machine - |TenthProject|chooser:C1|state                                                            ;
+-----------+-----------+-----------+-----------+-----------+-----------+-----------+-----------+-----------+
; Name      ; state.111 ; state.110 ; state.101 ; state.100 ; state.011 ; state.010 ; state.001 ; state.000 ;
+-----------+-----------+-----------+-----------+-----------+-----------+-----------+-----------+-----------+
; state.000 ; 0         ; 0         ; 0         ; 0         ; 0         ; 0         ; 0         ; 0         ;
; state.001 ; 0         ; 0         ; 0         ; 0         ; 0         ; 0         ; 1         ; 1         ;
; state.010 ; 0         ; 0         ; 0         ; 0         ; 0         ; 1         ; 0         ; 1         ;
; state.011 ; 0         ; 0         ; 0         ; 0         ; 1         ; 0         ; 0         ; 1         ;
; state.100 ; 0         ; 0         ; 0         ; 1         ; 0         ; 0         ; 0         ; 1         ;
; state.101 ; 0         ; 0         ; 1         ; 0         ; 0         ; 0         ; 0         ; 1         ;
; state.110 ; 0         ; 1         ; 0         ; 0         ; 0         ; 0         ; 0         ; 1         ;
; state.111 ; 1         ; 0         ; 0         ; 0         ; 0         ; 0         ; 0         ; 1         ;
+-----------+-----------+-----------+-----------+-----------+-----------+-----------+-----------+-----------+


Encoding Type:  One-Hot
+-----------------------------------------------------------------------------------------------------------+
; State Machine - |TenthProject|scaner:S1|state                                                             ;
+-----------+-----------+-----------+-----------+-----------+-----------+-----------+-----------+-----------+
; Name      ; state.111 ; state.110 ; state.101 ; state.100 ; state.011 ; state.010 ; state.001 ; state.000 ;
+-----------+-----------+-----------+-----------+-----------+-----------+-----------+-----------+-----------+
; state.000 ; 0         ; 0         ; 0         ; 0         ; 0         ; 0         ; 0         ; 0         ;
; state.001 ; 0         ; 0         ; 0         ; 0         ; 0         ; 0         ; 1         ; 1         ;
; state.010 ; 0         ; 0         ; 0         ; 0         ; 0         ; 1         ; 0         ; 1         ;
; state.011 ; 0         ; 0         ; 0         ; 0         ; 1         ; 0         ; 0         ; 1         ;
; state.100 ; 0         ; 0         ; 0         ; 1         ; 0         ; 0         ; 0         ; 1         ;
; state.101 ; 0         ; 0         ; 1         ; 0         ; 0         ; 0         ; 0         ; 1         ;
; state.110 ; 0         ; 1         ; 0         ; 0         ; 0         ; 0         ; 0         ; 1         ;
; state.111 ; 1         ; 0         ; 0         ; 0         ; 0         ; 0         ; 0         ; 1         ;
+-----------+-----------+-----------+-----------+-----------+-----------+-----------+-----------+-----------+


+---------------------------------------------------------------------------------+
; Registers Removed During Synthesis                                              ;
+----------------------------------------+----------------------------------------+
; Register name                          ; Reason for Removal                     ;
+----------------------------------------+----------------------------------------+
; chooser:C1|outc[5]                     ; Stuck at VCC due to stuck port data_in ;
; chooser:C1|outc[0]                     ; Stuck at GND due to stuck port data_in ;
; chooser:C1|state~2                     ; Lost fanout                            ;
; chooser:C1|state~3                     ; Lost fanout                            ;
; chooser:C1|state~4                     ; Lost fanout                            ;
; scaner:S1|state~2                      ; Lost fanout                            ;
; scaner:S1|state~3                      ; Lost fanout                            ;
; scaner:S1|state~4                      ; Lost fanout                            ;
; scaner:S1|state.000                    ; Merged with chooser:C1|state.000       ;
; scaner:S1|state.001                    ; Merged with chooser:C1|state.001       ;
; scaner:S1|state.010                    ; Merged with chooser:C1|state.010       ;
; scaner:S1|state.011                    ; Merged with chooser:C1|state.011       ;
; scaner:S1|state.100                    ; Merged with chooser:C1|state.100       ;
; scaner:S1|state.101                    ; Merged with chooser:C1|state.101       ;
; scaner:S1|state.110                    ; Merged with chooser:C1|state.110       ;
; scaner:S1|state.111                    ; Merged with chooser:C1|state.111       ;
; Total Number of Removed Registers = 16 ;                                        ;
+----------------------------------------+----------------------------------------+


+------------------------------------------------------+
; General Register Statistics                          ;
+----------------------------------------------+-------+
; Statistic                                    ; Value ;
+----------------------------------------------+-------+
; Total registers                              ; 55    ;
; Number of registers using Synchronous Clear  ; 32    ;
; Number of registers using Synchronous Load   ; 0     ;
; Number of registers using Asynchronous Clear ; 0     ;
; Number of registers using Asynchronous Load  ; 0     ;
; Number of registers using Clock Enable       ; 0     ;
; Number of registers using Preset             ; 0     ;
+----------------------------------------------+-------+


+-----------------------------------------------------------------------------------------------------------------------------------------------------------+
; Multiplexer Restructuring Statistics (Restructuring Performed)                                                                                            ;
+--------------------+-----------+---------------+----------------------+------------------------+------------+---------------------------------------------+
; Multiplexer Inputs ; Bus Width ; Baseline Area ; Area if Restructured ; Saving if Restructured ; Registered ; Example Multiplexer Output                  ;
+--------------------+-----------+---------------+----------------------+------------------------+------------+---------------------------------------------+
; 3:1                ; 32 bits   ; 64 LEs        ; 32 LEs               ; 32 LEs                 ; Yes        ; |TenthProject|frequency_divider:F1|cnt4[18] ;
+--------------------+-----------+---------------+----------------------+------------------------+------------+---------------------------------------------+


+-------------------------------------------------------------------+
; Parameter Settings for User Entity Instance: frequency_divider:F1 ;
+----------------+----------+---------------------------------------+
; Parameter Name ; Value    ; Type                                  ;
+----------------+----------+---------------------------------------+
; N4             ; 50000    ; Signed Integer                        ;
; N3             ; 500000   ; Signed Integer                        ;
; N2             ; 5000000  ; Signed Integer                        ;
; N1             ; 50000000 ; Signed Integer                        ;
+----------------+----------+---------------------------------------+
Note: In order to hide this table in the UI and the text report file, please set the "Show Parameter Settings in Synthesis Report" option in "Analysis and Synthesis Settings -> More Settings" to "Off".


+---------------------------------------------------------+
; Parameter Settings for User Entity Instance: chooser:C1 ;
+----------------+----------+-----------------------------+
; Parameter Name ; Value    ; Type                        ;
+----------------+----------+-----------------------------+
; S0             ; 11111100 ; Unsigned Binary             ;
; S1             ; 01100000 ; Unsigned Binary             ;
; S2             ; 11011010 ; Unsigned Binary             ;
; S3             ; 11110010 ; Unsigned Binary             ;
; S4             ; 01100110 ; Unsigned Binary             ;
; S5             ; 10110110 ; Unsigned Binary             ;
; S6             ; 10111110 ; Unsigned Binary             ;
; S7             ; 11100000 ; Unsigned Binary             ;
; S8             ; 11111110 ; Unsigned Binary             ;
; S9             ; 11110110 ; Unsigned Binary             ;
; S10            ; 10011110 ; Unsigned Binary             ;
; S11            ; 00000000 ; Unsigned Binary             ;
+----------------+----------+-----------------------------+
Note: In order to hide this table in the UI and the text report file, please set the "Show Parameter Settings in Synthesis Report" option in "Analysis and Synthesis Settings -> More Settings" to "Off".


+---------------------------------------------------------------------------------------------------------------------+
; Port Connectivity Checks: "frequency_divider:F1"                                                                    ;
+-----------+--------+----------+-------------------------------------------------------------------------------------+
; Port      ; Type   ; Severity ; Details                                                                             ;
+-----------+--------+----------+-------------------------------------------------------------------------------------+
; clk_100hz ; Output ; Info     ; Connected to dangling logic. Logic that only feeds a dangling port will be removed. ;
; clk_10hz  ; Output ; Info     ; Connected to dangling logic. Logic that only feeds a dangling port will be removed. ;
; clk_1hz   ; Output ; Info     ; Connected to dangling logic. Logic that only feeds a dangling port will be removed. ;
+-----------+--------+----------+-------------------------------------------------------------------------------------+


+-------------------------------+
; Elapsed Time Per Partition    ;
+----------------+--------------+
; Partition Name ; Elapsed Time ;
+----------------+--------------+
; Top            ; 00:00:00     ;
+----------------+--------------+


+-------------------------------+
; Analysis & Synthesis Messages ;
+-------------------------------+
Info: *******************************************************************
Info: Running Quartus II 64-Bit Analysis & Synthesis
    Info: Version 13.0.1 Build 232 06/12/2013 Service Pack 1 SJ Full Version
    Info: Processing started: Fri Dec 01 08:42:21 2017
Info: Command: quartus_map --read_settings_files=on --write_settings_files=off TenthProject -c TenthProject
Info (11104): Parallel Compilation has detected 8 hyper-threaded processors. However, the extra hyper-threaded processors will not be used by default. Parallel Compilation will use 4 of the 4 physical processors detected instead.
Info (12021): Found 1 design units, including 1 entities, in source file frequency_divider.v
    Info (12023): Found entity 1: frequency_divider
Info (12021): Found 1 design units, including 1 entities, in source file scaner.v
    Info (12023): Found entity 1: scaner
Info (12021): Found 1 design units, including 1 entities, in source file chooser.v
    Info (12023): Found entity 1: chooser
Info (12021): Found 1 design units, including 1 entities, in source file tenthproject.v
    Info (12023): Found entity 1: TenthProject
Warning (10037): Verilog HDL or VHDL warning at frequency_divider.v(18): conditional expression evaluates to a constant
Info (12127): Elaborating entity "TenthProject" for the top level hierarchy
Info (12128): Elaborating entity "frequency_divider" for hierarchy "frequency_divider:F1"
Info (12128): Elaborating entity "scaner" for hierarchy "scaner:S1"
Info (12128): Elaborating entity "chooser" for hierarchy "chooser:C1"
Warning (13024): Output pins are stuck at VCC or GND
    Warning (13410): Pin "out_num[0]" is stuck at GND
    Warning (13410): Pin "out_num[5]" is stuck at VCC
Info (286030): Timing-Driven Synthesis is running
Info (17049): 6 registers lost all their fanouts during netlist optimizations.
Info (16010): Generating hard_block partition "hard_block:auto_generated_inst"
    Info (16011): Adding 0 node(s), including 0 DDIO, 0 PLL, 0 transceiver and 0 LCELL
Warning (21074): Design contains 1 input pin(s) that do not drive logic
    Warning (15610): No output dependent on input pin "clr"
Info (21057): Implemented 91 device resources after synthesis - the final resource count might be different
    Info (21058): Implemented 4 input pins
    Info (21059): Implemented 16 output pins
    Info (21061): Implemented 71 logic cells
Info: Quartus II 64-Bit Analysis & Synthesis was successful. 0 errors, 6 warnings
    Info: Peak virtual memory: 513 megabytes
    Info: Processing ended: Fri Dec 01 08:42:23 2017
    Info: Elapsed time: 00:00:02
    Info: Total CPU time (on all processors): 00:00:01


