Analysis & Synthesis report for NinthProject-00
Wed Dec 27 19:35:15 2017
Quartus II 64-Bit Version 13.0.1 Build 232 06/12/2013 Service Pack 1 SJ Full Version


---------------------
; Table of Contents ;
---------------------
  1. Legal Notice
  2. Analysis & Synthesis Summary
  3. Analysis & Synthesis Settings
  4. Parallel Compilation
  5. Analysis & Synthesis Source Files Read
  6. Analysis & Synthesis Resource Usage Summary
  7. Analysis & Synthesis Resource Utilization by Entity
  8. Registers Removed During Synthesis
  9. General Register Statistics
 10. Multiplexer Restructuring Statistics (Restructuring Performed)
 11. Parameter Settings for User Entity Instance: xl_reciver:inst2
 12. Parameter Settings for User Entity Instance: frequency_divider:inst
 13. Elapsed Time Per Partition
 14. Analysis & Synthesis Messages
 15. Analysis & Synthesis Suppressed Messages



----------------
; Legal Notice ;
----------------
Copyright (C) 1991-2013 Altera Corporation
Your use of Altera Corporation's design tools, logic functions 
and other software and tools, and its AMPP partner logic 
functions, and any output files from any of the foregoing 
(including device programming or simulation files), and any 
associated documentation or information are expressly subject 
to the terms and conditions of the Altera Program License 
Subscription Agreement, Altera MegaCore Function License 
Agreement, or other applicable license agreement, including, 
without limitation, that your use is for the sole purpose of 
programming logic devices manufactured by Altera and sold by 
Altera or its authorized distributors.  Please refer to the 
applicable agreement for further details.



+---------------------------------------------------------------------------------------+
; Analysis & Synthesis Summary                                                          ;
+------------------------------------+--------------------------------------------------+
; Analysis & Synthesis Status        ; Successful - Wed Dec 27 19:35:15 2017            ;
; Quartus II 64-Bit Version          ; 13.0.1 Build 232 06/12/2013 SP 1 SJ Full Version ;
; Revision Name                      ; NinthProject-00                                  ;
; Top-level Entity Name              ; NinthProject_00                                  ;
; Family                             ; Cyclone III                                      ;
; Total logic elements               ; 141                                              ;
;     Total combinational functions  ; 141                                              ;
;     Dedicated logic registers      ; 88                                               ;
; Total registers                    ; 88                                               ;
; Total pins                         ; 30                                               ;
; Total virtual pins                 ; 0                                                ;
; Total memory bits                  ; 0                                                ;
; Embedded Multiplier 9-bit elements ; 0                                                ;
; Total PLLs                         ; 0                                                ;
+------------------------------------+--------------------------------------------------+


+----------------------------------------------------------------------------------------------------------------------+
; Analysis & Synthesis Settings                                                                                        ;
+----------------------------------------------------------------------------+--------------------+--------------------+
; Option                                                                     ; Setting            ; Default Value      ;
+----------------------------------------------------------------------------+--------------------+--------------------+
; Device                                                                     ; EP3C55F484C8       ;                    ;
; Top-level entity name                                                      ; NinthProject_00    ; NinthProject-00    ;
; Family name                                                                ; Cyclone III        ; Cyclone IV GX      ;
; Use smart compilation                                                      ; Off                ; Off                ;
; Enable parallel Assembler and TimeQuest Timing Analyzer during compilation ; On                 ; On                 ;
; Enable compact report table                                                ; Off                ; Off                ;
; Restructure Multiplexers                                                   ; Auto               ; Auto               ;
; Create Debugging Nodes for IP Cores                                        ; Off                ; Off                ;
; Preserve fewer node names                                                  ; On                 ; On                 ;
; Disable OpenCore Plus hardware evaluation                                  ; Off                ; Off                ;
; Verilog Version                                                            ; Verilog_2001       ; Verilog_2001       ;
; VHDL Version                                                               ; VHDL_1993          ; VHDL_1993          ;
; State Machine Processing                                                   ; Auto               ; Auto               ;
; Safe State Machine                                                         ; Off                ; Off                ;
; Extract Verilog State Machines                                             ; On                 ; On                 ;
; Extract VHDL State Machines                                                ; On                 ; On                 ;
; Ignore Verilog initial constructs                                          ; Off                ; Off                ;
; Iteration limit for constant Verilog loops                                 ; 5000               ; 5000               ;
; Iteration limit for non-constant Verilog loops                             ; 250                ; 250                ;
; Add Pass-Through Logic to Inferred RAMs                                    ; On                 ; On                 ;
; Infer RAMs from Raw Logic                                                  ; On                 ; On                 ;
; Parallel Synthesis                                                         ; On                 ; On                 ;
; DSP Block Balancing                                                        ; Auto               ; Auto               ;
; NOT Gate Push-Back                                                         ; On                 ; On                 ;
; Power-Up Don't Care                                                        ; On                 ; On                 ;
; Remove Redundant Logic Cells                                               ; Off                ; Off                ;
; Remove Duplicate Registers                                                 ; On                 ; On                 ;
; Ignore CARRY Buffers                                                       ; Off                ; Off                ;
; Ignore CASCADE Buffers                                                     ; Off                ; Off                ;
; Ignore GLOBAL Buffers                                                      ; Off                ; Off                ;
; Ignore ROW GLOBAL Buffers                                                  ; Off                ; Off                ;
; Ignore LCELL Buffers                                                       ; Off                ; Off                ;
; Ignore SOFT Buffers                                                        ; On                 ; On                 ;
; Limit AHDL Integers to 32 Bits                                             ; Off                ; Off                ;
; Optimization Technique                                                     ; Balanced           ; Balanced           ;
; Carry Chain Length                                                         ; 70                 ; 70                 ;
; Auto Carry Chains                                                          ; On                 ; On                 ;
; Auto Open-Drain Pins                                                       ; On                 ; On                 ;
; Perform WYSIWYG Primitive Resynthesis                                      ; Off                ; Off                ;
; Auto ROM Replacement                                                       ; On                 ; On                 ;
; Auto RAM Replacement                                                       ; On                 ; On                 ;
; Auto DSP Block Replacement                                                 ; On                 ; On                 ;
; Auto Shift Register Replacement                                            ; Auto               ; Auto               ;
; Allow Shift Register Merging across Hierarchies                            ; Auto               ; Auto               ;
; Auto Clock Enable Replacement                                              ; On                 ; On                 ;
; Strict RAM Replacement                                                     ; Off                ; Off                ;
; Allow Synchronous Control Signals                                          ; On                 ; On                 ;
; Force Use of Synchronous Clear Signals                                     ; Off                ; Off                ;
; Auto RAM Block Balancing                                                   ; On                 ; On                 ;
; Auto RAM to Logic Cell Conversion                                          ; Off                ; Off                ;
; Auto Resource Sharing                                                      ; Off                ; Off                ;
; Allow Any RAM Size For Recognition                                         ; Off                ; Off                ;
; Allow Any ROM Size For Recognition                                         ; Off                ; Off                ;
; Allow Any Shift Register Size For Recognition                              ; Off                ; Off                ;
; Use LogicLock Constraints during Resource Balancing                        ; On                 ; On                 ;
; Ignore translate_off and synthesis_off directives                          ; Off                ; Off                ;
; Timing-Driven Synthesis                                                    ; On                 ; On                 ;
; Report Parameter Settings                                                  ; On                 ; On                 ;
; Report Source Assignments                                                  ; On                 ; On                 ;
; Report Connectivity Checks                                                 ; On                 ; On                 ;
; Ignore Maximum Fan-Out Assignments                                         ; Off                ; Off                ;
; Synchronization Register Chain Length                                      ; 2                  ; 2                  ;
; PowerPlay Power Optimization                                               ; Normal compilation ; Normal compilation ;
; HDL message level                                                          ; Level2             ; Level2             ;
; Suppress Register Optimization Related Messages                            ; Off                ; Off                ;
; Number of Removed Registers Reported in Synthesis Report                   ; 5000               ; 5000               ;
; Number of Swept Nodes Reported in Synthesis Report                         ; 5000               ; 5000               ;
; Number of Inverted Registers Reported in Synthesis Report                  ; 100                ; 100                ;
; Clock MUX Protection                                                       ; On                 ; On                 ;
; Auto Gated Clock Conversion                                                ; Off                ; Off                ;
; Block Design Naming                                                        ; Auto               ; Auto               ;
; SDC constraint protection                                                  ; Off                ; Off                ;
; Synthesis Effort                                                           ; Auto               ; Auto               ;
; Shift Register Replacement - Allow Asynchronous Clear Signal               ; On                 ; On                 ;
; Pre-Mapping Resynthesis Optimization                                       ; Off                ; Off                ;
; Analysis & Synthesis Message Level                                         ; Medium             ; Medium             ;
; Disable Register Merging Across Hierarchies                                ; Auto               ; Auto               ;
; Resource Aware Inference For Block RAM                                     ; On                 ; On                 ;
; Synthesis Seed                                                             ; 1                  ; 1                  ;
+----------------------------------------------------------------------------+--------------------+--------------------+


+------------------------------------------+
; Parallel Compilation                     ;
+----------------------------+-------------+
; Processors                 ; Number      ;
+----------------------------+-------------+
; Number detected on machine ; 8           ;
; Maximum allowed            ; 4           ;
;                            ;             ;
; Average used               ; 1.00        ;
; Maximum used               ; 1           ;
;                            ;             ;
; Usage by Processor         ; % Time Used ;
;     Processor 1            ; 100.0%      ;
;     Processors 2-8         ;   0.0%      ;
+----------------------------+-------------+


+----------------------------------------------------------------------------------------------------------------------------------------------------------+
; Analysis & Synthesis Source Files Read                                                                                                                   ;
+----------------------------------+-----------------+------------------------------------+------------------------------------------------------+---------+
; File Name with User-Entered Path ; Used in Netlist ; File Type                          ; File Name with Absolute Path                         ; Library ;
+----------------------------------+-----------------+------------------------------------+------------------------------------------------------+---------+
; Second.v                         ; yes             ; User Verilog HDL File              ; E:/testofquartus/NinthProject-00/Second.v            ;         ;
; mux_8.v                          ; yes             ; User Verilog HDL File              ; E:/testofquartus/NinthProject-00/mux_8.v             ;         ;
; move_reg.v                       ; yes             ; User Verilog HDL File              ; E:/testofquartus/NinthProject-00/move_reg.v          ;         ;
; frequency_divider.v              ; yes             ; User Verilog HDL File              ; E:/testofquartus/NinthProject-00/frequency_divider.v ;         ;
; xl_generate.v                    ; yes             ; User Verilog HDL File              ; E:/testofquartus/NinthProject-00/xl_generate.v       ;         ;
; xl_reciver.v                     ; yes             ; User Verilog HDL File              ; E:/testofquartus/NinthProject-00/xl_reciver.v        ;         ;
; NinthProject_00.bdf              ; yes             ; User Block Diagram/Schematic File  ; E:/testofquartus/NinthProject-00/NinthProject_00.bdf ;         ;
; Decoder.v                        ; yes             ; User Verilog HDL File              ; E:/testofquartus/NinthProject-00/Decoder.v           ;         ;
+----------------------------------+-----------------+------------------------------------+------------------------------------------------------+---------+


+------------------------------------------------------------------------------+
; Analysis & Synthesis Resource Usage Summary                                  ;
+---------------------------------------------+--------------------------------+
; Resource                                    ; Usage                          ;
+---------------------------------------------+--------------------------------+
; Estimated Total logic elements              ; 141                            ;
;                                             ;                                ;
; Total combinational functions               ; 141                            ;
; Logic element usage by number of LUT inputs ;                                ;
;     -- 4 input functions                    ; 44                             ;
;     -- 3 input functions                    ; 33                             ;
;     -- <=2 input functions                  ; 64                             ;
;                                             ;                                ;
; Logic elements by mode                      ;                                ;
;     -- normal mode                          ; 110                            ;
;     -- arithmetic mode                      ; 31                             ;
;                                             ;                                ;
; Total registers                             ; 88                             ;
;     -- Dedicated logic registers            ; 88                             ;
;     -- I/O registers                        ; 0                              ;
;                                             ;                                ;
; I/O pins                                    ; 30                             ;
; Embedded Multiplier 9-bit elements          ; 0                              ;
; Maximum fan-out node                        ; frequency_divider:inst|clk_1hz ;
; Maximum fan-out                             ; 41                             ;
; Total fan-out                               ; 719                            ;
; Average fan-out                             ; 2.49                           ;
+---------------------------------------------+--------------------------------+


+--------------------------------------------------------------------------------------------------------------------------------------------------------------------------------------------------+
; Analysis & Synthesis Resource Utilization by Entity                                                                                                                                              ;
+-----------------------------+-------------------+--------------+-------------+--------------+---------+-----------+------+--------------+-----------------------------------------+--------------+
; Compilation Hierarchy Node  ; LC Combinationals ; LC Registers ; Memory Bits ; DSP Elements ; DSP 9x9 ; DSP 18x18 ; Pins ; Virtual Pins ; Full Hierarchy Name                     ; Library Name ;
+-----------------------------+-------------------+--------------+-------------+--------------+---------+-----------+------+--------------+-----------------------------------------+--------------+
; |NinthProject_00            ; 141 (0)           ; 88 (0)       ; 0           ; 0            ; 0       ; 0         ; 30   ; 0            ; |NinthProject_00                        ; work         ;
;    |Second:inst6|           ; 5 (5)             ; 0 (0)        ; 0           ; 0            ; 0       ; 0         ; 0    ; 0            ; |NinthProject_00|Second:inst6           ; work         ;
;    |frequency_divider:inst| ; 46 (46)           ; 34 (34)      ; 0           ; 0            ; 0       ; 0         ; 0    ; 0            ; |NinthProject_00|frequency_divider:inst ; work         ;
;    |move_reg:inst4|         ; 25 (25)           ; 24 (24)      ; 0           ; 0            ; 0       ; 0         ; 0    ; 0            ; |NinthProject_00|move_reg:inst4         ; work         ;
;    |mux_8:inst5|            ; 26 (26)           ; 14 (14)      ; 0           ; 0            ; 0       ; 0         ; 0    ; 0            ; |NinthProject_00|mux_8:inst5            ; work         ;
;    |xl_generate:inst1|      ; 9 (9)             ; 9 (9)        ; 0           ; 0            ; 0       ; 0         ; 0    ; 0            ; |NinthProject_00|xl_generate:inst1      ; work         ;
;    |xl_reciver:inst2|       ; 30 (30)           ; 7 (7)        ; 0           ; 0            ; 0       ; 0         ; 0    ; 0            ; |NinthProject_00|xl_reciver:inst2       ; work         ;
+-----------------------------+-------------------+--------------+-------------+--------------+---------+-----------+------+--------------+-----------------------------------------+--------------+
Note: For table entries with two numbers listed, the numbers in parentheses indicate the number of resources of the given type used by the specific entity alone. The numbers listed outside of parentheses indicate the total resources of the given type used by the specific entity and all of its sub-entities in the hierarchy.


+----------------------------------------------------------------------------------+
; Registers Removed During Synthesis                                               ;
+----------------------------------------+-----------------------------------------+
; Register name                          ; Reason for Removal                      ;
+----------------------------------------+-----------------------------------------+
; move_reg:inst4|Dout7[3]                ; Merged with move_reg:inst4|Dout7[1]     ;
; move_reg:inst4|Dout6[3]                ; Merged with move_reg:inst4|Dout6[1]     ;
; move_reg:inst4|Dout5[3]                ; Merged with move_reg:inst4|Dout5[1]     ;
; move_reg:inst4|Dout4[3]                ; Merged with move_reg:inst4|Dout4[1]     ;
; move_reg:inst4|Dout3[3]                ; Merged with move_reg:inst4|Dout3[1]     ;
; move_reg:inst4|Dout2[3]                ; Merged with move_reg:inst4|Dout2[1]     ;
; move_reg:inst4|Dout1[3]                ; Merged with move_reg:inst4|Dout1[1]     ;
; move_reg:inst4|Dout0[3]                ; Merged with move_reg:inst4|Dout0[1]     ;
; mux_8:inst5|outm[3]                    ; Merged with mux_8:inst5|outm[1]         ;
; xl_reciver:inst2|c_state[6,7]          ; Merged with xl_reciver:inst2|c_state[4] ;
; frequency_divider:inst|cnt4[0..31]     ; Stuck at GND due to stuck port data_in  ;
; Total Number of Removed Registers = 43 ;                                         ;
+----------------------------------------+-----------------------------------------+


+------------------------------------------------------+
; General Register Statistics                          ;
+----------------------------------------------+-------+
; Statistic                                    ; Value ;
+----------------------------------------------+-------+
; Total registers                              ; 88    ;
; Number of registers using Synchronous Clear  ; 32    ;
; Number of registers using Synchronous Load   ; 20    ;
; Number of registers using Asynchronous Clear ; 0     ;
; Number of registers using Asynchronous Load  ; 0     ;
; Number of registers using Clock Enable       ; 24    ;
; Number of registers using Preset             ; 0     ;
+----------------------------------------------+-------+


+----------------------------------------------------------------------------------------------------------------------------------------------------------------+
; Multiplexer Restructuring Statistics (Restructuring Performed)                                                                                                 ;
+--------------------+-----------+---------------+----------------------+------------------------+------------+--------------------------------------------------+
; Multiplexer Inputs ; Bus Width ; Baseline Area ; Area if Restructured ; Saving if Restructured ; Registered ; Example Multiplexer Output                       ;
+--------------------+-----------+---------------+----------------------+------------------------+------------+--------------------------------------------------+
; 4:1                ; 2 bits    ; 4 LEs         ; 4 LEs                ; 0 LEs                  ; Yes        ; |NinthProject_00|move_reg:inst4|Dout0[1]         ;
; 4:1                ; 2 bits    ; 4 LEs         ; 4 LEs                ; 0 LEs                  ; Yes        ; |NinthProject_00|move_reg:inst4|Dout7[1]         ;
; 4:1                ; 20 bits   ; 40 LEs        ; 40 LEs               ; 0 LEs                  ; Yes        ; |NinthProject_00|move_reg:inst4|Dout4[1]         ;
; 3:1                ; 32 bits   ; 64 LEs        ; 32 LEs               ; 32 LEs                 ; Yes        ; |NinthProject_00|frequency_divider:inst|cnt1[23] ;
; 8:1                ; 3 bits    ; 15 LEs        ; 15 LEs               ; 0 LEs                  ; Yes        ; |NinthProject_00|mux_8:inst5|outm[1]             ;
; 3:1                ; 2 bits    ; 4 LEs         ; 2 LEs                ; 2 LEs                  ; No         ; |NinthProject_00|xl_reciver:inst2|Selector4      ;
+--------------------+-----------+---------------+----------------------+------------------------+------------+--------------------------------------------------+


+---------------------------------------------------------------+
; Parameter Settings for User Entity Instance: xl_reciver:inst2 ;
+----------------+----------+-----------------------------------+
; Parameter Name ; Value    ; Type                              ;
+----------------+----------+-----------------------------------+
; S0             ; 00000000 ; Unsigned Binary                   ;
; S1             ; 00001111 ; Unsigned Binary                   ;
; S2             ; 00100000 ; Unsigned Binary                   ;
; S3             ; 00101111 ; Unsigned Binary                   ;
; S4             ; 00100101 ; Unsigned Binary                   ;
; S5             ; 00100001 ; Unsigned Binary                   ;
; S6             ; 00100011 ; Unsigned Binary                   ;
; S7             ; 00100010 ; Unsigned Binary                   ;
; S8             ; 11111111 ; Unsigned Binary                   ;
+----------------+----------+-----------------------------------+
Note: In order to hide this table in the UI and the text report file, please set the "Show Parameter Settings in Synthesis Report" option in "Analysis and Synthesis Settings -> More Settings" to "Off".


+---------------------------------------------------------------------+
; Parameter Settings for User Entity Instance: frequency_divider:inst ;
+----------------+-------+--------------------------------------------+
; Parameter Name ; Value ; Type                                       ;
+----------------+-------+--------------------------------------------+
; N4             ; 2     ; Signed Integer                             ;
; N3             ; 4     ; Signed Integer                             ;
; N2             ; 8     ; Signed Integer                             ;
; N1             ; 16    ; Signed Integer                             ;
+----------------+-------+--------------------------------------------+
Note: In order to hide this table in the UI and the text report file, please set the "Show Parameter Settings in Synthesis Report" option in "Analysis and Synthesis Settings -> More Settings" to "Off".


+-------------------------------+
; Elapsed Time Per Partition    ;
+----------------+--------------+
; Partition Name ; Elapsed Time ;
+----------------+--------------+
; Top            ; 00:00:01     ;
+----------------+--------------+


+-------------------------------+
; Analysis & Synthesis Messages ;
+-------------------------------+
Info: *******************************************************************
Info: Running Quartus II 64-Bit Analysis & Synthesis
    Info: Version 13.0.1 Build 232 06/12/2013 Service Pack 1 SJ Full Version
    Info: Processing started: Wed Dec 27 19:35:13 2017
Info: Command: quartus_map --read_settings_files=on --write_settings_files=off NinthProject-00 -c NinthProject-00
Info (11104): Parallel Compilation has detected 8 hyper-threaded processors. However, the extra hyper-threaded processors will not be used by default. Parallel Compilation will use 4 of the 4 physical processors detected instead.
Info (12021): Found 1 design units, including 1 entities, in source file second.v
    Info (12023): Found entity 1: Second
Info (12021): Found 1 design units, including 1 entities, in source file mux_8.v
    Info (12023): Found entity 1: mux_8
Info (12021): Found 1 design units, including 1 entities, in source file move_reg.v
    Info (12023): Found entity 1: move_reg
Info (12021): Found 1 design units, including 1 entities, in source file frequency_divider.v
    Info (12023): Found entity 1: frequency_divider
Info (12021): Found 1 design units, including 1 entities, in source file xl_generate.v
    Info (12023): Found entity 1: xl_generate
Info (12021): Found 1 design units, including 1 entities, in source file xl_reciver.v
    Info (12023): Found entity 1: xl_reciver
Info (12021): Found 1 design units, including 1 entities, in source file ninthproject_00.bdf
    Info (12023): Found entity 1: NinthProject_00
Info (12021): Found 1 design units, including 1 entities, in source file decoder.v
    Info (12023): Found entity 1: Decoder
Info (12127): Elaborating entity "NinthProject_00" for the top level hierarchy
Info (12128): Elaborating entity "xl_reciver" for hierarchy "xl_reciver:inst2"
Info (12128): Elaborating entity "frequency_divider" for hierarchy "frequency_divider:inst"
Info (12128): Elaborating entity "xl_generate" for hierarchy "xl_generate:inst1"
Info (12128): Elaborating entity "Second" for hierarchy "Second:inst6"
Info (12128): Elaborating entity "mux_8" for hierarchy "mux_8:inst5"
Info (12128): Elaborating entity "move_reg" for hierarchy "move_reg:inst4"
Info (12128): Elaborating entity "Decoder" for hierarchy "Decoder:inst3"
Warning (13024): Output pins are stuck at VCC or GND
    Warning (13410): Pin "num[0]" is stuck at GND
Info (286030): Timing-Driven Synthesis is running
Info (144001): Generated suppressed messages file E:/testofquartus/NinthProject-00/output_files/NinthProject-00.map.smsg
Info (16010): Generating hard_block partition "hard_block:auto_generated_inst"
    Info (16011): Adding 0 node(s), including 0 DDIO, 0 PLL, 0 transceiver and 0 LCELL
Info (21057): Implemented 171 device resources after synthesis - the final resource count might be different
    Info (21058): Implemented 13 input pins
    Info (21059): Implemented 17 output pins
    Info (21061): Implemented 141 logic cells
Info: Quartus II 64-Bit Analysis & Synthesis was successful. 0 errors, 2 warnings
    Info: Peak virtual memory: 513 megabytes
    Info: Processing ended: Wed Dec 27 19:35:15 2017
    Info: Elapsed time: 00:00:02
    Info: Total CPU time (on all processors): 00:00:02


+------------------------------------------+
; Analysis & Synthesis Suppressed Messages ;
+------------------------------------------+
The suppressed messages can be found in E:/testofquartus/NinthProject-00/output_files/NinthProject-00.map.smsg.


