Flow report for NinthProject-00
Wed Dec 27 19:37:04 2017
Quartus II 64-Bit Version 13.0.1 Build 232 06/12/2013 Service Pack 1 SJ Full Version


---------------------
; Table of Contents ;
---------------------
  1. Legal Notice
  2. Flow Summary
  3. Flow Settings
  4. Flow Non-Default Global Settings
  5. Flow Elapsed Time
  6. Flow OS Summary
  7. Flow Log
  8. Flow Messages
  9. Flow Suppressed Messages



----------------
; Legal Notice ;
----------------
Copyright (C) 1991-2013 Altera Corporation
Your use of Altera Corporation's design tools, logic functions 
and other software and tools, and its AMPP partner logic 
functions, and any output files from any of the foregoing 
(including device programming or simulation files), and any 
associated documentation or information are expressly subject 
to the terms and conditions of the Altera Program License 
Subscription Agreement, Altera MegaCore Function License 
Agreement, or other applicable license agreement, including, 
without limitation, that your use is for the sole purpose of 
programming logic devices manufactured by Altera and sold by 
Altera or its authorized distributors.  Please refer to the 
applicable agreement for further details.



+---------------------------------------------------------------------------------------+
; Flow Summary                                                                          ;
+------------------------------------+--------------------------------------------------+
; Flow Status                        ; Successful - Wed Dec 27 19:37:04 2017            ;
; Quartus II 64-Bit Version          ; 13.0.1 Build 232 06/12/2013 SP 1 SJ Full Version ;
; Revision Name                      ; NinthProject-00                                  ;
; Top-level Entity Name              ; NinthProject_00                                  ;
; Family                             ; Cyclone III                                      ;
; Device                             ; EP3C55F484C8                                     ;
; Timing Models                      ; Final                                            ;
; Total logic elements               ; 147 / 55,856 ( < 1 % )                           ;
;     Total combinational functions  ; 141 / 55,856 ( < 1 % )                           ;
;     Dedicated logic registers      ; 88 / 55,856 ( < 1 % )                            ;
; Total registers                    ; 88                                               ;
; Total pins                         ; 30 / 328 ( 9 % )                                 ;
; Total virtual pins                 ; 0                                                ;
; Total memory bits                  ; 0 / 2,396,160 ( 0 % )                            ;
; Embedded Multiplier 9-bit elements ; 0 / 312 ( 0 % )                                  ;
; Total PLLs                         ; 0 / 4 ( 0 % )                                    ;
+------------------------------------+--------------------------------------------------+


+-----------------------------------------+
; Flow Settings                           ;
+-------------------+---------------------+
; Option            ; Setting             ;
+-------------------+---------------------+
; Start date & time ; 12/27/2017 19:35:13 ;
; Main task         ; Compilation         ;
; Revision Name     ; NinthProject-00     ;
+-------------------+---------------------+


+----------------------------------------------------------------------------------------------------------------------------------+
; Flow Non-Default Global Settings                                                                                                 ;
+-------------------------------------+---------------------------------------+-----------------+-----------------+----------------+
; Assignment Name                     ; Value                                 ; Default Value   ; Entity Name     ; Section Id     ;
+-------------------------------------+---------------------------------------+-----------------+-----------------+----------------+
; COMPILER_SIGNATURE_ID               ; 488763405600.151437451307412          ; --              ; --              ; --             ;
; EDA_GENERATE_FUNCTIONAL_NETLIST     ; On                                    ; --              ; --              ; eda_simulation ;
; EDA_OUTPUT_DATA_FORMAT              ; Verilog Hdl                           ; --              ; --              ; eda_simulation ;
; EDA_SIMULATION_TOOL                 ; ModelSim-Altera (Verilog)             ; <None>          ; --              ; --             ;
; MAX_CORE_JUNCTION_TEMP              ; 85                                    ; --              ; --              ; --             ;
; MIN_CORE_JUNCTION_TEMP              ; 0                                     ; --              ; --              ; --             ;
; OUTPUT_IO_TIMING_FAR_END_VMEAS      ; Half Signal Swing                     ; --              ; --              ; --             ;
; OUTPUT_IO_TIMING_FAR_END_VMEAS      ; Half Signal Swing                     ; --              ; --              ; --             ;
; OUTPUT_IO_TIMING_NEAR_END_VMEAS     ; Half Vccio                            ; --              ; --              ; --             ;
; OUTPUT_IO_TIMING_NEAR_END_VMEAS     ; Half Vccio                            ; --              ; --              ; --             ;
; PARTITION_COLOR                     ; 16764057                              ; --              ; NinthProject_00 ; Top            ;
; PARTITION_FITTER_PRESERVATION_LEVEL ; PLACEMENT_AND_ROUTING                 ; --              ; NinthProject_00 ; Top            ;
; PARTITION_NETLIST_TYPE              ; SOURCE                                ; --              ; NinthProject_00 ; Top            ;
; POWER_BOARD_THERMAL_MODEL           ; None (CONSERVATIVE)                   ; --              ; --              ; --             ;
; POWER_PRESET_COOLING_SOLUTION       ; 23 MM HEAT SINK WITH 200 LFPM AIRFLOW ; --              ; --              ; --             ;
; PROJECT_OUTPUT_DIRECTORY            ; output_files                          ; --              ; --              ; --             ;
; TOP_LEVEL_ENTITY                    ; NinthProject_00                       ; NinthProject-00 ; --              ; --             ;
+-------------------------------------+---------------------------------------+-----------------+-----------------+----------------+


+-------------------------------------------------------------------------------------------------------------------------------+
; Flow Elapsed Time                                                                                                             ;
+---------------------------+--------------+-------------------------+---------------------+------------------------------------+
; Module Name               ; Elapsed Time ; Average Processors Used ; Peak Virtual Memory ; Total CPU Time (on all processors) ;
+---------------------------+--------------+-------------------------+---------------------+------------------------------------+
; Analysis & Synthesis      ; 00:00:01     ; 1.0                     ; 513 MB              ; 00:00:02                           ;
; Fitter                    ; 00:00:10     ; 2.3                     ; 1236 MB             ; 00:00:13                           ;
; Assembler                 ; 00:00:02     ; 1.0                     ; 473 MB              ; 00:00:03                           ;
; TimeQuest Timing Analyzer ; 00:00:03     ; 1.0                     ; 570 MB              ; 00:00:02                           ;
; EDA Netlist Writer        ; 00:00:00     ; 1.0                     ; 426 MB              ; 00:00:00                           ;
; EDA Netlist Writer        ; 00:00:00     ; 1.0                     ; 433 MB              ; 00:00:01                           ;
; EDA Netlist Writer        ; 00:00:00     ; 1.0                     ; 438 MB              ; 00:00:01                           ;
; EDA Netlist Writer        ; 00:00:01     ; 1.0                     ; 433 MB              ; 00:00:01                           ;
; EDA Netlist Writer        ; 00:00:01     ; 1.0                     ; 438 MB              ; 00:00:01                           ;
; EDA Netlist Writer        ; 00:00:00     ; 1.0                     ; 433 MB              ; 00:00:01                           ;
; EDA Netlist Writer        ; 00:00:00     ; 1.0                     ; 438 MB              ; 00:00:01                           ;
; Total                     ; 00:00:18     ; --                      ; --                  ; 00:00:26                           ;
+---------------------------+--------------+-------------------------+---------------------+------------------------------------+


+----------------------------------------------------------------------------------------+
; Flow OS Summary                                                                        ;
+---------------------------+------------------+-----------+------------+----------------+
; Module Name               ; Machine Hostname ; OS Name   ; OS Version ; Processor type ;
+---------------------------+------------------+-----------+------------+----------------+
; Analysis & Synthesis      ; DESKTOP-801F07V  ; Windows 7 ; 6.2        ; x86_64         ;
; Fitter                    ; DESKTOP-801F07V  ; Windows 7 ; 6.2        ; x86_64         ;
; Assembler                 ; DESKTOP-801F07V  ; Windows 7 ; 6.2        ; x86_64         ;
; TimeQuest Timing Analyzer ; DESKTOP-801F07V  ; Windows 7 ; 6.2        ; x86_64         ;
; EDA Netlist Writer        ; DESKTOP-801F07V  ; Windows 7 ; 6.2        ; x86_64         ;
; EDA Netlist Writer        ; DESKTOP-801F07V  ; Windows 7 ; 6.2        ; x86_64         ;
; EDA Netlist Writer        ; DESKTOP-801F07V  ; Windows 7 ; 6.2        ; x86_64         ;
; EDA Netlist Writer        ; DESKTOP-801F07V  ; Windows 7 ; 6.2        ; x86_64         ;
; EDA Netlist Writer        ; DESKTOP-801F07V  ; Windows 7 ; 6.2        ; x86_64         ;
; EDA Netlist Writer        ; DESKTOP-801F07V  ; Windows 7 ; 6.2        ; x86_64         ;
; EDA Netlist Writer        ; DESKTOP-801F07V  ; Windows 7 ; 6.2        ; x86_64         ;
+---------------------------+------------------+-----------+------------+----------------+


------------
; Flow Log ;
------------
quartus_map --read_settings_files=on --write_settings_files=off NinthProject-00 -c NinthProject-00
quartus_fit --read_settings_files=off --write_settings_files=off NinthProject-00 -c NinthProject-00
quartus_asm --read_settings_files=off --write_settings_files=off NinthProject-00 -c NinthProject-00
quartus_sta NinthProject-00 -c NinthProject-00
quartus_eda --read_settings_files=off --write_settings_files=off NinthProject-00 -c NinthProject-00
quartus_eda --gen_testbench --check_outputs=on --tool=modelsim_oem --format=verilog NinthProject-00 -c NinthProject-00 --vector_source=E:/testofquartus/NinthProject-00/NinthPro_00.vwf --testbench_file=./simulation/qsim/NinthProject-00.vt
quartus_eda --functional=on --simulation=on --tool=modelsim_oem --format=verilog NinthProject-00 -c NinthProject-00
quartus_eda --gen_testbench --check_outputs=on --tool=modelsim_oem --format=verilog NinthProject-00 -c NinthProject-00 --vector_source=E:/testofquartus/NinthProject-00/NinthPro_00.vwf --testbench_file=./simulation/qsim/NinthProject-00.vt
quartus_eda --functional=on --simulation=on --tool=modelsim_oem --format=verilog NinthProject-00 -c NinthProject-00
quartus_eda --gen_testbench --check_outputs=on --tool=modelsim_oem --format=verilog NinthProject-00 -c NinthProject-00 --vector_source=E:/testofquartus/NinthProject-00/NinthPro_00.vwf --testbench_file=./simulation/qsim/NinthProject-00.vt
quartus_eda --functional=on --simulation=on --tool=modelsim_oem --format=verilog NinthProject-00 -c NinthProject-00



