Analysis & Synthesis report for final
Thu Dec 28 17:19:21 2017
Quartus II 64-Bit Version 13.0.1 Build 232 06/12/2013 Service Pack 1 SJ Full Version


---------------------
; Table of Contents ;
---------------------
  1. Legal Notice
  2. Analysis & Synthesis Summary
  3. Analysis & Synthesis Settings
  4. Parallel Compilation
  5. Analysis & Synthesis Source Files Read
  6. Analysis & Synthesis Resource Usage Summary
  7. Analysis & Synthesis Resource Utilization by Entity
  8. State Machine - |final|scaner_time:inst9|state
  9. State Machine - |final|chooser_time:inst3|state
 10. State Machine - |final|chooser_dis:inst6|state
 11. Registers Removed During Synthesis
 12. General Register Statistics
 13. Multiplexer Restructuring Statistics (Restructuring Performed)
 14. Parameter Settings for User Entity Instance: frequency_divider:inst0
 15. Parameter Settings for User Entity Instance: chooser_dis:inst6
 16. Parameter Settings for User Entity Instance: chooser_time:inst3
 17. Elapsed Time Per Partition
 18. Analysis & Synthesis Messages



----------------
; Legal Notice ;
----------------
Copyright (C) 1991-2013 Altera Corporation
Your use of Altera Corporation's design tools, logic functions 
and other software and tools, and its AMPP partner logic 
functions, and any output files from any of the foregoing 
(including device programming or simulation files), and any 
associated documentation or information are expressly subject 
to the terms and conditions of the Altera Program License 
Subscription Agreement, Altera MegaCore Function License 
Agreement, or other applicable license agreement, including, 
without limitation, that your use is for the sole purpose of 
programming logic devices manufactured by Altera and sold by 
Altera or its authorized distributors.  Please refer to the 
applicable agreement for further details.



+---------------------------------------------------------------------------------------+
; Analysis & Synthesis Summary                                                          ;
+------------------------------------+--------------------------------------------------+
; Analysis & Synthesis Status        ; Successful - Thu Dec 28 17:19:21 2017            ;
; Quartus II 64-Bit Version          ; 13.0.1 Build 232 06/12/2013 SP 1 SJ Full Version ;
; Revision Name                      ; final                                            ;
; Top-level Entity Name              ; final                                            ;
; Family                             ; Cyclone III                                      ;
; Total logic elements               ; 413                                              ;
;     Total combinational functions  ; 406                                              ;
;     Dedicated logic registers      ; 209                                              ;
; Total registers                    ; 209                                              ;
; Total pins                         ; 23                                               ;
; Total virtual pins                 ; 0                                                ;
; Total memory bits                  ; 0                                                ;
; Embedded Multiplier 9-bit elements ; 0                                                ;
; Total PLLs                         ; 0                                                ;
+------------------------------------+--------------------------------------------------+


+----------------------------------------------------------------------------------------------------------------------+
; Analysis & Synthesis Settings                                                                                        ;
+----------------------------------------------------------------------------+--------------------+--------------------+
; Option                                                                     ; Setting            ; Default Value      ;
+----------------------------------------------------------------------------+--------------------+--------------------+
; Device                                                                     ; EP3C55F484C8       ;                    ;
; Top-level entity name                                                      ; final              ; final              ;
; Family name                                                                ; Cyclone III        ; Cyclone IV GX      ;
; Use smart compilation                                                      ; Off                ; Off                ;
; Enable parallel Assembler and TimeQuest Timing Analyzer during compilation ; On                 ; On                 ;
; Enable compact report table                                                ; Off                ; Off                ;
; Restructure Multiplexers                                                   ; Auto               ; Auto               ;
; Create Debugging Nodes for IP Cores                                        ; Off                ; Off                ;
; Preserve fewer node names                                                  ; On                 ; On                 ;
; Disable OpenCore Plus hardware evaluation                                  ; Off                ; Off                ;
; Verilog Version                                                            ; Verilog_2001       ; Verilog_2001       ;
; VHDL Version                                                               ; VHDL_1993          ; VHDL_1993          ;
; State Machine Processing                                                   ; Auto               ; Auto               ;
; Safe State Machine                                                         ; Off                ; Off                ;
; Extract Verilog State Machines                                             ; On                 ; On                 ;
; Extract VHDL State Machines                                                ; On                 ; On                 ;
; Ignore Verilog initial constructs                                          ; Off                ; Off                ;
; Iteration limit for constant Verilog loops                                 ; 5000               ; 5000               ;
; Iteration limit for non-constant Verilog loops                             ; 250                ; 250                ;
; Add Pass-Through Logic to Inferred RAMs                                    ; On                 ; On                 ;
; Infer RAMs from Raw Logic                                                  ; On                 ; On                 ;
; Parallel Synthesis                                                         ; On                 ; On                 ;
; DSP Block Balancing                                                        ; Auto               ; Auto               ;
; NOT Gate Push-Back                                                         ; On                 ; On                 ;
; Power-Up Don't Care                                                        ; On                 ; On                 ;
; Remove Redundant Logic Cells                                               ; Off                ; Off                ;
; Remove Duplicate Registers                                                 ; On                 ; On                 ;
; Ignore CARRY Buffers                                                       ; Off                ; Off                ;
; Ignore CASCADE Buffers                                                     ; Off                ; Off                ;
; Ignore GLOBAL Buffers                                                      ; Off                ; Off                ;
; Ignore ROW GLOBAL Buffers                                                  ; Off                ; Off                ;
; Ignore LCELL Buffers                                                       ; Off                ; Off                ;
; Ignore SOFT Buffers                                                        ; On                 ; On                 ;
; Limit AHDL Integers to 32 Bits                                             ; Off                ; Off                ;
; Optimization Technique                                                     ; Balanced           ; Balanced           ;
; Carry Chain Length                                                         ; 70                 ; 70                 ;
; Auto Carry Chains                                                          ; On                 ; On                 ;
; Auto Open-Drain Pins                                                       ; On                 ; On                 ;
; Perform WYSIWYG Primitive Resynthesis                                      ; Off                ; Off                ;
; Auto ROM Replacement                                                       ; On                 ; On                 ;
; Auto RAM Replacement                                                       ; On                 ; On                 ;
; Auto DSP Block Replacement                                                 ; On                 ; On                 ;
; Auto Shift Register Replacement                                            ; Auto               ; Auto               ;
; Allow Shift Register Merging across Hierarchies                            ; Auto               ; Auto               ;
; Auto Clock Enable Replacement                                              ; On                 ; On                 ;
; Strict RAM Replacement                                                     ; Off                ; Off                ;
; Allow Synchronous Control Signals                                          ; On                 ; On                 ;
; Force Use of Synchronous Clear Signals                                     ; Off                ; Off                ;
; Auto RAM Block Balancing                                                   ; On                 ; On                 ;
; Auto RAM to Logic Cell Conversion                                          ; Off                ; Off                ;
; Auto Resource Sharing                                                      ; Off                ; Off                ;
; Allow Any RAM Size For Recognition                                         ; Off                ; Off                ;
; Allow Any ROM Size For Recognition                                         ; Off                ; Off                ;
; Allow Any Shift Register Size For Recognition                              ; Off                ; Off                ;
; Use LogicLock Constraints during Resource Balancing                        ; On                 ; On                 ;
; Ignore translate_off and synthesis_off directives                          ; Off                ; Off                ;
; Timing-Driven Synthesis                                                    ; On                 ; On                 ;
; Report Parameter Settings                                                  ; On                 ; On                 ;
; Report Source Assignments                                                  ; On                 ; On                 ;
; Report Connectivity Checks                                                 ; On                 ; On                 ;
; Ignore Maximum Fan-Out Assignments                                         ; Off                ; Off                ;
; Synchronization Register Chain Length                                      ; 2                  ; 2                  ;
; PowerPlay Power Optimization                                               ; Normal compilation ; Normal compilation ;
; HDL message level                                                          ; Level2             ; Level2             ;
; Suppress Register Optimization Related Messages                            ; Off                ; Off                ;
; Number of Removed Registers Reported in Synthesis Report                   ; 5000               ; 5000               ;
; Number of Swept Nodes Reported in Synthesis Report                         ; 5000               ; 5000               ;
; Number of Inverted Registers Reported in Synthesis Report                  ; 100                ; 100                ;
; Clock MUX Protection                                                       ; On                 ; On                 ;
; Auto Gated Clock Conversion                                                ; Off                ; Off                ;
; Block Design Naming                                                        ; Auto               ; Auto               ;
; SDC constraint protection                                                  ; Off                ; Off                ;
; Synthesis Effort                                                           ; Auto               ; Auto               ;
; Shift Register Replacement - Allow Asynchronous Clear Signal               ; On                 ; On                 ;
; Pre-Mapping Resynthesis Optimization                                       ; Off                ; Off                ;
; Analysis & Synthesis Message Level                                         ; Medium             ; Medium             ;
; Disable Register Merging Across Hierarchies                                ; Auto               ; Auto               ;
; Resource Aware Inference For Block RAM                                     ; On                 ; On                 ;
; Synthesis Seed                                                             ; 1                  ; 1                  ;
+----------------------------------------------------------------------------+--------------------+--------------------+


+------------------------------------------+
; Parallel Compilation                     ;
+----------------------------+-------------+
; Processors                 ; Number      ;
+----------------------------+-------------+
; Number detected on machine ; 8           ;
; Maximum allowed            ; 4           ;
;                            ;             ;
; Average used               ; 1.00        ;
; Maximum used               ; 1           ;
;                            ;             ;
; Usage by Processor         ; % Time Used ;
;     Processor 1            ; 100.0%      ;
;     Processors 2-8         ;   0.0%      ;
+----------------------------+-------------+


+-------------------------------------------------------------------------------------------------------------------------------------------------------------------+
; Analysis & Synthesis Source Files Read                                                                                                                            ;
+----------------------------------+-----------------+------------------------------------+---------------------------------------------------------------+---------+
; File Name with User-Entered Path ; Used in Netlist ; File Type                          ; File Name with Absolute Path                                  ; Library ;
+----------------------------------+-----------------+------------------------------------+---------------------------------------------------------------+---------+
; out_s.bdf                        ; yes             ; User Block Diagram/Schematic File  ; E:/testofquartus/final/out_s.bdf                              ;         ;
; out_ms.bdf                       ; yes             ; User Block Diagram/Schematic File  ; E:/testofquartus/final/out_ms.bdf                             ;         ;
; out_min.bdf                      ; yes             ; User Block Diagram/Schematic File  ; E:/testofquartus/final/out_min.bdf                            ;         ;
; frequency_divider.v              ; yes             ; User Verilog HDL File              ; E:/testofquartus/final/frequency_divider.v                    ;         ;
; Second.v                         ; yes             ; User Verilog HDL File              ; E:/testofquartus/final/Second.v                               ;         ;
; Chooser.v                        ; yes             ; User Verilog HDL File              ; E:/testofquartus/final/Chooser.v                              ;         ;
; price_count.v                    ; yes             ; User Verilog HDL File              ; E:/testofquartus/final/price_count.v                          ;         ;
; final.bdf                        ; yes             ; User Block Diagram/Schematic File  ; E:/testofquartus/final/final.bdf                              ;         ;
; counter_time.bdf                 ; yes             ; User Block Diagram/Schematic File  ; E:/testofquartus/final/counter_time.bdf                       ;         ;
; scaner_time.v                    ; yes             ; User Verilog HDL File              ; E:/testofquartus/final/scaner_time.v                          ;         ;
; chooser_time.v                   ; yes             ; User Verilog HDL File              ; E:/testofquartus/final/chooser_time.v                         ;         ;
; count_dis.bdf                    ; yes             ; User Block Diagram/Schematic File  ; E:/testofquartus/final/count_dis.bdf                          ;         ;
; chooser_dis.v                    ; yes             ; User Verilog HDL File              ; E:/testofquartus/final/chooser_dis.v                          ;         ;
; BCD.v                            ; yes             ; User Verilog HDL File              ; E:/testofquartus/final/BCD.v                                  ;         ;
; out_chooser.v                    ; yes             ; User Verilog HDL File              ; E:/testofquartus/final/out_chooser.v                          ;         ;
; 74160.bdf                        ; yes             ; Megafunction                       ; c:/altera/13.0sp1/quartus/libraries/others/maxplus2/74160.bdf ;         ;
+----------------------------------+-----------------+------------------------------------+---------------------------------------------------------------+---------+


+---------------------------------------------------------------+
; Analysis & Synthesis Resource Usage Summary                   ;
+---------------------------------------------+-----------------+
; Resource                                    ; Usage           ;
+---------------------------------------------+-----------------+
; Estimated Total logic elements              ; 413             ;
;                                             ;                 ;
; Total combinational functions               ; 406             ;
; Logic element usage by number of LUT inputs ;                 ;
;     -- 4 input functions                    ; 165             ;
;     -- 3 input functions                    ; 53              ;
;     -- <=2 input functions                  ; 188             ;
;                                             ;                 ;
; Logic elements by mode                      ;                 ;
;     -- normal mode                          ; 256             ;
;     -- arithmetic mode                      ; 150             ;
;                                             ;                 ;
; Total registers                             ; 209             ;
;     -- Dedicated logic registers            ; 209             ;
;     -- I/O registers                        ; 0               ;
;                                             ;                 ;
; I/O pins                                    ; 23              ;
; Embedded Multiplier 9-bit elements          ; 0               ;
; Maximum fan-out node                        ; clk_50Mhz~input ;
; Maximum fan-out                             ; 132             ;
; Total fan-out                               ; 1816            ;
; Average fan-out                             ; 2.75            ;
+---------------------------------------------+-----------------+


+----------------------------------------------------------------------------------------------------------------------------------------------------------------------------------------------------------------+
; Analysis & Synthesis Resource Utilization by Entity                                                                                                                                                            ;
+------------------------------+-------------------+--------------+-------------+--------------+---------+-----------+------+--------------+------------------------------------------------------+--------------+
; Compilation Hierarchy Node   ; LC Combinationals ; LC Registers ; Memory Bits ; DSP Elements ; DSP 9x9 ; DSP 18x18 ; Pins ; Virtual Pins ; Full Hierarchy Name                                  ; Library Name ;
+------------------------------+-------------------+--------------+-------------+--------------+---------+-----------+------+--------------+------------------------------------------------------+--------------+
; |final                       ; 406 (0)           ; 209 (0)      ; 0           ; 0            ; 0       ; 0         ; 23   ; 0            ; |final                                               ; work         ;
;    |BCD:inst5|               ; 41 (41)           ; 0 (0)        ; 0           ; 0            ; 0       ; 0         ; 0    ; 0            ; |final|BCD:inst5                                     ; work         ;
;    |Chooser:inst1|           ; 2 (2)             ; 0 (0)        ; 0           ; 0            ; 0       ; 0         ; 0    ; 0            ; |final|Chooser:inst1                                 ; work         ;
;    |Second:inst8|            ; 7 (7)             ; 0 (0)        ; 0           ; 0            ; 0       ; 0         ; 0    ; 0            ; |final|Second:inst8                                  ; work         ;
;    |chooser_dis:inst6|       ; 24 (24)           ; 12 (12)      ; 0           ; 0            ; 0       ; 0         ; 0    ; 0            ; |final|chooser_dis:inst6                             ; work         ;
;    |chooser_time:inst3|      ; 15 (15)           ; 4 (4)        ; 0           ; 0            ; 0       ; 0         ; 0    ; 0            ; |final|chooser_time:inst3                            ; work         ;
;    |count_dis:inst4|         ; 18 (3)            ; 12 (0)       ; 0           ; 0            ; 0       ; 0         ; 0    ; 0            ; |final|count_dis:inst4                               ; work         ;
;       |74160:inst1|          ; 5 (5)             ; 4 (4)        ; 0           ; 0            ; 0       ; 0         ; 0    ; 0            ; |final|count_dis:inst4|74160:inst1                   ; work         ;
;       |74160:inst2|          ; 6 (6)             ; 4 (4)        ; 0           ; 0            ; 0       ; 0         ; 0    ; 0            ; |final|count_dis:inst4|74160:inst2                   ; work         ;
;       |74160:inst|           ; 4 (4)             ; 4 (4)        ; 0           ; 0            ; 0       ; 0         ; 0    ; 0            ; |final|count_dis:inst4|74160:inst                    ; work         ;
;    |counter_time:inst2|      ; 43 (0)            ; 26 (0)       ; 0           ; 0            ; 0       ; 0         ; 0    ; 0            ; |final|counter_time:inst2                            ; work         ;
;       |out_min:inst12|       ; 13 (5)            ; 7 (0)        ; 0           ; 0            ; 0       ; 0         ; 0    ; 0            ; |final|counter_time:inst2|out_min:inst12             ; work         ;
;          |74160:inst1|       ; 3 (3)             ; 3 (3)        ; 0           ; 0            ; 0       ; 0         ; 0    ; 0            ; |final|counter_time:inst2|out_min:inst12|74160:inst1 ; work         ;
;          |74160:inst|        ; 5 (5)             ; 4 (4)        ; 0           ; 0            ; 0       ; 0         ; 0    ; 0            ; |final|counter_time:inst2|out_min:inst12|74160:inst  ; work         ;
;       |out_ms:inst11|        ; 19 (3)            ; 12 (0)       ; 0           ; 0            ; 0       ; 0         ; 0    ; 0            ; |final|counter_time:inst2|out_ms:inst11              ; work         ;
;          |74160:inst1|       ; 5 (5)             ; 4 (4)        ; 0           ; 0            ; 0       ; 0         ; 0    ; 0            ; |final|counter_time:inst2|out_ms:inst11|74160:inst1  ; work         ;
;          |74160:inst2|       ; 6 (6)             ; 4 (4)        ; 0           ; 0            ; 0       ; 0         ; 0    ; 0            ; |final|counter_time:inst2|out_ms:inst11|74160:inst2  ; work         ;
;          |74160:inst|        ; 5 (5)             ; 4 (4)        ; 0           ; 0            ; 0       ; 0         ; 0    ; 0            ; |final|counter_time:inst2|out_ms:inst11|74160:inst   ; work         ;
;       |out_s:inst|           ; 11 (3)            ; 7 (0)        ; 0           ; 0            ; 0       ; 0         ; 0    ; 0            ; |final|counter_time:inst2|out_s:inst                 ; work         ;
;          |74160:inst1|       ; 3 (3)             ; 3 (3)        ; 0           ; 0            ; 0       ; 0         ; 0    ; 0            ; |final|counter_time:inst2|out_s:inst|74160:inst1     ; work         ;
;          |74160:inst|        ; 5 (5)             ; 4 (4)        ; 0           ; 0            ; 0       ; 0         ; 0    ; 0            ; |final|counter_time:inst2|out_s:inst|74160:inst      ; work         ;
;    |frequency_divider:inst0| ; 180 (180)         ; 132 (132)    ; 0           ; 0            ; 0       ; 0         ; 0    ; 0            ; |final|frequency_divider:inst0                       ; work         ;
;    |out_chooser:inst7|       ; 7 (7)             ; 3 (3)        ; 0           ; 0            ; 0       ; 0         ; 0    ; 0            ; |final|out_chooser:inst7                             ; work         ;
;    |price_count:inst|        ; 62 (62)           ; 12 (12)      ; 0           ; 0            ; 0       ; 0         ; 0    ; 0            ; |final|price_count:inst                              ; work         ;
;    |scaner_time:inst9|       ; 7 (7)             ; 8 (8)        ; 0           ; 0            ; 0       ; 0         ; 0    ; 0            ; |final|scaner_time:inst9                             ; work         ;
+------------------------------+-------------------+--------------+-------------+--------------+---------+-----------+------+--------------+------------------------------------------------------+--------------+
Note: For table entries with two numbers listed, the numbers in parentheses indicate the number of resources of the given type used by the specific entity alone. The numbers listed outside of parentheses indicate the total resources of the given type used by the specific entity and all of its sub-entities in the hierarchy.


Encoding Type:  One-Hot
+-----------------------------------------------------------------------------------------------------------+
; State Machine - |final|scaner_time:inst9|state                                                            ;
+-----------+-----------+-----------+-----------+-----------+-----------+-----------+-----------+-----------+
; Name      ; state.111 ; state.110 ; state.101 ; state.100 ; state.011 ; state.010 ; state.001 ; state.000 ;
+-----------+-----------+-----------+-----------+-----------+-----------+-----------+-----------+-----------+
; state.000 ; 0         ; 0         ; 0         ; 0         ; 0         ; 0         ; 0         ; 0         ;
; state.001 ; 0         ; 0         ; 0         ; 0         ; 0         ; 0         ; 1         ; 1         ;
; state.010 ; 0         ; 0         ; 0         ; 0         ; 0         ; 1         ; 0         ; 1         ;
; state.011 ; 0         ; 0         ; 0         ; 0         ; 1         ; 0         ; 0         ; 1         ;
; state.100 ; 0         ; 0         ; 0         ; 1         ; 0         ; 0         ; 0         ; 1         ;
; state.101 ; 0         ; 0         ; 1         ; 0         ; 0         ; 0         ; 0         ; 1         ;
; state.110 ; 0         ; 1         ; 0         ; 0         ; 0         ; 0         ; 0         ; 1         ;
; state.111 ; 1         ; 0         ; 0         ; 0         ; 0         ; 0         ; 0         ; 1         ;
+-----------+-----------+-----------+-----------+-----------+-----------+-----------+-----------+-----------+


Encoding Type:  One-Hot
+-----------------------------------------------------------------------------------------------------------+
; State Machine - |final|chooser_time:inst3|state                                                           ;
+-----------+-----------+-----------+-----------+-----------+-----------+-----------+-----------+-----------+
; Name      ; state.111 ; state.110 ; state.101 ; state.100 ; state.011 ; state.010 ; state.001 ; state.000 ;
+-----------+-----------+-----------+-----------+-----------+-----------+-----------+-----------+-----------+
; state.000 ; 0         ; 0         ; 0         ; 0         ; 0         ; 0         ; 0         ; 0         ;
; state.001 ; 0         ; 0         ; 0         ; 0         ; 0         ; 0         ; 1         ; 1         ;
; state.010 ; 0         ; 0         ; 0         ; 0         ; 0         ; 1         ; 0         ; 1         ;
; state.011 ; 0         ; 0         ; 0         ; 0         ; 1         ; 0         ; 0         ; 1         ;
; state.100 ; 0         ; 0         ; 0         ; 1         ; 0         ; 0         ; 0         ; 1         ;
; state.101 ; 0         ; 0         ; 1         ; 0         ; 0         ; 0         ; 0         ; 1         ;
; state.110 ; 0         ; 1         ; 0         ; 0         ; 0         ; 0         ; 0         ; 1         ;
; state.111 ; 1         ; 0         ; 0         ; 0         ; 0         ; 0         ; 0         ; 1         ;
+-----------+-----------+-----------+-----------+-----------+-----------+-----------+-----------+-----------+


Encoding Type:  One-Hot
+-----------------------------------------------------------------------------------------------------------+
; State Machine - |final|chooser_dis:inst6|state                                                            ;
+-----------+-----------+-----------+-----------+-----------+-----------+-----------+-----------+-----------+
; Name      ; state.111 ; state.110 ; state.101 ; state.100 ; state.011 ; state.010 ; state.001 ; state.000 ;
+-----------+-----------+-----------+-----------+-----------+-----------+-----------+-----------+-----------+
; state.000 ; 0         ; 0         ; 0         ; 0         ; 0         ; 0         ; 0         ; 0         ;
; state.001 ; 0         ; 0         ; 0         ; 0         ; 0         ; 0         ; 1         ; 1         ;
; state.010 ; 0         ; 0         ; 0         ; 0         ; 0         ; 1         ; 0         ; 1         ;
; state.011 ; 0         ; 0         ; 0         ; 0         ; 1         ; 0         ; 0         ; 1         ;
; state.100 ; 0         ; 0         ; 0         ; 1         ; 0         ; 0         ; 0         ; 1         ;
; state.101 ; 0         ; 0         ; 1         ; 0         ; 0         ; 0         ; 0         ; 1         ;
; state.110 ; 0         ; 1         ; 0         ; 0         ; 0         ; 0         ; 0         ; 1         ;
; state.111 ; 1         ; 0         ; 0         ; 0         ; 0         ; 0         ; 0         ; 1         ;
+-----------+-----------+-----------+-----------+-----------+-----------+-----------+-----------+-----------+


+-------------------------------------------------------------------------------------------+
; Registers Removed During Synthesis                                                        ;
+-------------------------------------------------+-----------------------------------------+
; Register name                                   ; Reason for Removal                      ;
+-------------------------------------------------+-----------------------------------------+
; counter_time:inst2|out_min:inst12|74160:inst1|9 ; Stuck at GND due to stuck port data_in  ;
; counter_time:inst2|out_s:inst|74160:inst1|9     ; Stuck at GND due to stuck port data_in  ;
; scaner_time:inst9|state~2                       ; Lost fanout                             ;
; scaner_time:inst9|state~3                       ; Lost fanout                             ;
; scaner_time:inst9|state~4                       ; Lost fanout                             ;
; chooser_time:inst3|state~2                      ; Lost fanout                             ;
; chooser_time:inst3|state~3                      ; Lost fanout                             ;
; chooser_time:inst3|state~4                      ; Lost fanout                             ;
; chooser_dis:inst6|state~2                       ; Lost fanout                             ;
; chooser_dis:inst6|state~3                       ; Lost fanout                             ;
; chooser_dis:inst6|state~4                       ; Lost fanout                             ;
; chooser_time:inst3|state.011                    ; Merged with chooser_dis:inst6|state.011 ;
; scaner_time:inst9|state.011                     ; Merged with chooser_dis:inst6|state.011 ;
; chooser_time:inst3|state.100                    ; Merged with chooser_dis:inst6|state.100 ;
; scaner_time:inst9|state.100                     ; Merged with chooser_dis:inst6|state.100 ;
; chooser_time:inst3|state.000                    ; Merged with chooser_dis:inst6|state.000 ;
; scaner_time:inst9|state.000                     ; Merged with chooser_dis:inst6|state.000 ;
; chooser_time:inst3|state.001                    ; Merged with chooser_dis:inst6|state.001 ;
; scaner_time:inst9|state.001                     ; Merged with chooser_dis:inst6|state.001 ;
; chooser_time:inst3|state.010                    ; Merged with chooser_dis:inst6|state.010 ;
; scaner_time:inst9|state.010                     ; Merged with chooser_dis:inst6|state.010 ;
; chooser_time:inst3|state.101                    ; Merged with chooser_dis:inst6|state.101 ;
; scaner_time:inst9|state.101                     ; Merged with chooser_dis:inst6|state.101 ;
; chooser_time:inst3|state.110                    ; Merged with chooser_dis:inst6|state.110 ;
; scaner_time:inst9|state.110                     ; Merged with chooser_dis:inst6|state.110 ;
; chooser_time:inst3|state.111                    ; Merged with chooser_dis:inst6|state.111 ;
; scaner_time:inst9|state.111                     ; Merged with chooser_dis:inst6|state.111 ;
; Total Number of Removed Registers = 27          ;                                         ;
+-------------------------------------------------+-----------------------------------------+


+------------------------------------------------------+
; General Register Statistics                          ;
+----------------------------------------------+-------+
; Statistic                                    ; Value ;
+----------------------------------------------+-------+
; Total registers                              ; 209   ;
; Number of registers using Synchronous Clear  ; 135   ;
; Number of registers using Synchronous Load   ; 3     ;
; Number of registers using Asynchronous Clear ; 38    ;
; Number of registers using Asynchronous Load  ; 0     ;
; Number of registers using Clock Enable       ; 10    ;
; Number of registers using Preset             ; 0     ;
+----------------------------------------------+-------+


+-------------------------------------------------------------------------------------------------------------------------------------------------------+
; Multiplexer Restructuring Statistics (Restructuring Performed)                                                                                        ;
+--------------------+-----------+---------------+----------------------+------------------------+------------+-----------------------------------------+
; Multiplexer Inputs ; Bus Width ; Baseline Area ; Area if Restructured ; Saving if Restructured ; Registered ; Example Multiplexer Output              ;
+--------------------+-----------+---------------+----------------------+------------------------+------------+-----------------------------------------+
; 3:1                ; 32 bits   ; 64 LEs        ; 32 LEs               ; 32 LEs                 ; Yes        ; |final|frequency_divider:inst0|cnt4[9]  ;
; 3:1                ; 32 bits   ; 64 LEs        ; 32 LEs               ; 32 LEs                 ; Yes        ; |final|frequency_divider:inst0|cnt1[21] ;
; 3:1                ; 32 bits   ; 64 LEs        ; 32 LEs               ; 32 LEs                 ; Yes        ; |final|frequency_divider:inst0|cnt2[9]  ;
; 3:1                ; 32 bits   ; 64 LEs        ; 32 LEs               ; 32 LEs                 ; Yes        ; |final|frequency_divider:inst0|cnt3[18] ;
; 7:1                ; 3 bits    ; 12 LEs        ; 12 LEs               ; 0 LEs                  ; Yes        ; |final|chooser_time:inst3|outc[2]       ;
; 130:1              ; 9 bits    ; 774 LEs       ; 27 LEs               ; 747 LEs                ; Yes        ; |final|price_count:inst|price[8]        ;
; 10:1               ; 3 bits    ; 18 LEs        ; 18 LEs               ; 0 LEs                  ; Yes        ; |final|chooser_dis:inst6|outc[1]        ;
+--------------------+-----------+---------------+----------------------+------------------------+------------+-----------------------------------------+


+----------------------------------------------------------------------+
; Parameter Settings for User Entity Instance: frequency_divider:inst0 ;
+----------------+----------+------------------------------------------+
; Parameter Name ; Value    ; Type                                     ;
+----------------+----------+------------------------------------------+
; N4             ; 5000     ; Signed Integer                           ;
; N3             ; 500000   ; Signed Integer                           ;
; N2             ; 5000000  ; Signed Integer                           ;
; N1             ; 50000000 ; Signed Integer                           ;
+----------------+----------+------------------------------------------+
Note: In order to hide this table in the UI and the text report file, please set the "Show Parameter Settings in Synthesis Report" option in "Analysis and Synthesis Settings -> More Settings" to "Off".


+----------------------------------------------------------------+
; Parameter Settings for User Entity Instance: chooser_dis:inst6 ;
+----------------+-------+---------------------------------------+
; Parameter Name ; Value ; Type                                  ;
+----------------+-------+---------------------------------------+
; S0             ; 1010  ; Unsigned Binary                       ;
; S1             ; 1011  ; Unsigned Binary                       ;
+----------------+-------+---------------------------------------+
Note: In order to hide this table in the UI and the text report file, please set the "Show Parameter Settings in Synthesis Report" option in "Analysis and Synthesis Settings -> More Settings" to "Off".


+-----------------------------------------------------------------+
; Parameter Settings for User Entity Instance: chooser_time:inst3 ;
+----------------+-------+----------------------------------------+
; Parameter Name ; Value ; Type                                   ;
+----------------+-------+----------------------------------------+
; S0             ; 1010  ; Unsigned Binary                        ;
; S1             ; 1011  ; Unsigned Binary                        ;
; S2             ; 1100  ; Unsigned Binary                        ;
+----------------+-------+----------------------------------------+
Note: In order to hide this table in the UI and the text report file, please set the "Show Parameter Settings in Synthesis Report" option in "Analysis and Synthesis Settings -> More Settings" to "Off".


+-------------------------------+
; Elapsed Time Per Partition    ;
+----------------+--------------+
; Partition Name ; Elapsed Time ;
+----------------+--------------+
; Top            ; 00:00:02     ;
+----------------+--------------+


+-------------------------------+
; Analysis & Synthesis Messages ;
+-------------------------------+
Info: *******************************************************************
Info: Running Quartus II 64-Bit Analysis & Synthesis
    Info: Version 13.0.1 Build 232 06/12/2013 Service Pack 1 SJ Full Version
    Info: Processing started: Thu Dec 28 17:19:18 2017
Info: Command: quartus_map --read_settings_files=on --write_settings_files=off final -c final
Info (11104): Parallel Compilation has detected 8 hyper-threaded processors. However, the extra hyper-threaded processors will not be used by default. Parallel Compilation will use 4 of the 4 physical processors detected instead.
Info (12021): Found 1 design units, including 1 entities, in source file out_s.bdf
    Info (12023): Found entity 1: out_s
Info (12021): Found 1 design units, including 1 entities, in source file out_ms.bdf
    Info (12023): Found entity 1: out_ms
Info (12021): Found 1 design units, including 1 entities, in source file out_min.bdf
    Info (12023): Found entity 1: out_min
Info (12021): Found 1 design units, including 1 entities, in source file frequency_divider.v
    Info (12023): Found entity 1: frequency_divider
Info (12021): Found 1 design units, including 1 entities, in source file second.v
    Info (12023): Found entity 1: Second
Info (12021): Found 1 design units, including 1 entities, in source file chooser.v
    Info (12023): Found entity 1: Chooser
Info (12021): Found 1 design units, including 1 entities, in source file price_count.v
    Info (12023): Found entity 1: price_count
Info (12021): Found 1 design units, including 1 entities, in source file final.bdf
    Info (12023): Found entity 1: final
Info (12021): Found 1 design units, including 1 entities, in source file counter_time.bdf
    Info (12023): Found entity 1: counter_time
Info (12021): Found 1 design units, including 1 entities, in source file scaner_time.v
    Info (12023): Found entity 1: scaner_time
Info (12021): Found 1 design units, including 1 entities, in source file chooser_time.v
    Info (12023): Found entity 1: chooser_time
Info (12021): Found 1 design units, including 1 entities, in source file output_time.v
    Info (12023): Found entity 1: output_time
Info (12021): Found 1 design units, including 1 entities, in source file time.bdf
    Info (12023): Found entity 1: time
Info (12021): Found 1 design units, including 1 entities, in source file count_dis.bdf
    Info (12023): Found entity 1: count_dis
Info (12021): Found 1 design units, including 1 entities, in source file chooser_dis.v
    Info (12023): Found entity 1: chooser_dis
Info (12021): Found 1 design units, including 1 entities, in source file bcd.v
    Info (12023): Found entity 1: BCD
Info (12021): Found 1 design units, including 1 entities, in source file out_chooser.v
    Info (12023): Found entity 1: out_chooser
Info (12127): Elaborating entity "final" for the top level hierarchy
Info (12128): Elaborating entity "Second" for hierarchy "Second:inst8"
Info (12128): Elaborating entity "out_chooser" for hierarchy "out_chooser:inst7"
Info (12128): Elaborating entity "frequency_divider" for hierarchy "frequency_divider:inst0"
Info (12128): Elaborating entity "chooser_dis" for hierarchy "chooser_dis:inst6"
Info (12128): Elaborating entity "count_dis" for hierarchy "count_dis:inst4"
Info (12128): Elaborating entity "74160" for hierarchy "count_dis:inst4|74160:inst1"
Info (12130): Elaborated megafunction instantiation "count_dis:inst4|74160:inst1"
Info (12128): Elaborating entity "Chooser" for hierarchy "Chooser:inst1"
Info (12128): Elaborating entity "BCD" for hierarchy "BCD:inst5"
Info (12128): Elaborating entity "price_count" for hierarchy "price_count:inst"
Info (12128): Elaborating entity "counter_time" for hierarchy "counter_time:inst2"
Info (12128): Elaborating entity "out_min" for hierarchy "counter_time:inst2|out_min:inst12"
Info (12128): Elaborating entity "out_s" for hierarchy "counter_time:inst2|out_s:inst"
Info (12128): Elaborating entity "out_ms" for hierarchy "counter_time:inst2|out_ms:inst11"
Info (12128): Elaborating entity "chooser_time" for hierarchy "chooser_time:inst3"
Info (12128): Elaborating entity "scaner_time" for hierarchy "scaner_time:inst9"
Warning (19016): Clock multiplexers are found and protected
    Warning (19017): Found clock multiplexer Chooser:inst1|Mux0
Warning (13024): Output pins are stuck at VCC or GND
    Warning (13410): Pin "out_num[0]" is stuck at GND
Info (286030): Timing-Driven Synthesis is running
Info (17049): 9 registers lost all their fanouts during netlist optimizations.
Info (16010): Generating hard_block partition "hard_block:auto_generated_inst"
    Info (16011): Adding 0 node(s), including 0 DDIO, 0 PLL, 0 transceiver and 0 LCELL
Info (21057): Implemented 436 device resources after synthesis - the final resource count might be different
    Info (21058): Implemented 7 input pins
    Info (21059): Implemented 16 output pins
    Info (21061): Implemented 413 logic cells
Info: Quartus II 64-Bit Analysis & Synthesis was successful. 0 errors, 4 warnings
    Info: Peak virtual memory: 514 megabytes
    Info: Processing ended: Thu Dec 28 17:19:21 2017
    Info: Elapsed time: 00:00:03
    Info: Total CPU time (on all processors): 00:00:03


